<?xml version="1.0" encoding="UTF-8"?>
<testsuite name="repository.user.UserRepositoryMySQLTest" tests="7" skipped="0" failures="0" errors="0" timestamp="2021-03-23T19:35:14" hostname="DESKTOP-URN5C0M" time="0.06">
  <properties/>
  <testcase name="delete" classname="repository.user.UserRepositoryMySQLTest" time="0.009"/>
  <testcase name="update" classname="repository.user.UserRepositoryMySQLTest" time="0.01"/>
  <testcase name="findByUsernameAndPassword" classname="repository.user.UserRepositoryMySQLTest" time="0.01"/>
  <testcase name="getAllUsers" classname="repository.user.UserRepositoryMySQLTest" time="0.003"/>
  <testcase name="save" classname="repository.user.UserRepositoryMySQLTest" time="0.006"/>
  <testcase name="getUserByName" classname="repository.user.UserRepositoryMySQLTest" time="0.011"/>
  <testcase name="getUserById" classname="repository.user.UserRepositoryMySQLTest" time="0.01"/>
  <system-out><![CDATA[]]></system-out>
  <system-err><![CDATA[]]></system-err>
</testsuite>
