<?xml version="1.0" encoding="UTF-8"?>
<testsuite name="services.account.AccountServiceMySQLTest" tests="7" skipped="0" failures="0" errors="0" timestamp="2021-03-23T19:35:14" hostname="DESKTOP-URN5C0M" time="0.082">
  <properties/>
  <testcase name="transferMoney" classname="services.account.AccountServiceMySQLTest" time="0.017"/>
  <testcase name="deleteAccount" classname="services.account.AccountServiceMySQLTest" time="0.012"/>
  <testcase name="getAccount" classname="services.account.AccountServiceMySQLTest" time="0.013"/>
  <testcase name="processBill" classname="services.account.AccountServiceMySQLTest" time="0.012"/>
  <testcase name="createAccount" classname="services.account.AccountServiceMySQLTest" time="0.008"/>
  <testcase name="updateAccount" classname="services.account.AccountServiceMySQLTest" time="0.01"/>
  <testcase name="getAccountByIdNumber" classname="services.account.AccountServiceMySQLTest" time="0.008"/>
  <system-out><![CDATA[]]></system-out>
  <system-err><![CDATA[]]></system-err>
</testsuite>
